<?xml version="1.0" encoding="UTF-8"?>
<!-- Generated by org.testng.reporters.JUnitXMLReporter -->
<testsuite ignored="0" hostname="DESKTOP-96NUCQ1" failures="0" tests="3" name="Chrome Test" time="69.975" errors="0" timestamp="2023-07-13T08:43:37 IST">
  <testcase classname="crossbrowser.test.CrossBrowserTests" name="invalidLoginTest" time="2.422"/>
  <testcase classname="crossbrowser.test.CrossBrowserTests" name="validLoginTest" time="3.949"/>
  <testcase classname="crossbrowser.test.CrossBrowserTests" name="verifyLinkedIn" time="13.602"/>
</testsuite> <!-- Chrome Test -->
