<?xml version="1.0" encoding="UTF-8"?>
<!-- Generated by org.testng.reporters.JUnitXMLReporter -->
<testsuite ignored="0" hostname="DESKTOP-96NUCQ1" failures="0" tests="3" name="Edge Test" time="97.1" errors="0" timestamp="2023-07-13T08:44:03 IST">
  <testcase classname="crossbrowser.test.CrossBrowserTests" name="invalidLoginTest" time="1.457"/>
  <testcase classname="crossbrowser.test.CrossBrowserTests" name="validLoginTest" time="3.074"/>
  <testcase classname="crossbrowser.test.CrossBrowserTests" name="verifyLinkedIn" time="7.208"/>
</testsuite> <!-- Edge Test -->
