<?xml version="1.0" encoding="UTF-8"?>
<!-- Generated by org.testng.reporters.JUnitXMLReporter -->
<testsuite ignored="0" hostname="DESKTOP-96NUCQ1" failures="0" tests="3" name="firefox Test" time="112.073" errors="0" timestamp="2023-07-13T08:44:18 IST">
  <testcase classname="crossbrowser.test.CrossBrowserTests" name="invalidLoginTest" time="0.94"/>
  <testcase classname="crossbrowser.test.CrossBrowserTests" name="validLoginTest" time="8.011"/>
  <testcase classname="crossbrowser.test.CrossBrowserTests" name="verifyLinkedIn" time="5.745"/>
</testsuite> <!-- firefox Test -->
