<?xml version="1.0" encoding="UTF-8"?>
<!-- Generated by org.testng.reporters.JUnitXMLReporter -->
<testsuite ignored="0" hostname="DESKTOP-96NUCQ1" failures="0" tests="4" name="Parallel Tests" time="39.642" errors="0" timestamp="2023-07-13T08:45:37 IST">
  <testcase classname="depends.on.ParallelTestsExample" name="validLoginTest" time="15.694"/>
  <testcase classname="depends.on.ParallelTestsExample" name="verifyLinkedIn" time="19.062"/>
  <testcase classname="depends.on.ParallelTestsExample" name="invalidLoginTest" time="19.246"/>
  <testcase classname="depends.on.ParallelTestsExample" name="forgotLinkTest" time="39.569"/>
</testsuite> <!-- Parallel Tests -->
