<?xml version="1.0" encoding="UTF-8"?>
<!-- Generated by org.testng.reporters.JUnitXMLReporter -->
<testsuite ignored="0" hostname="DESKTOP-96NUCQ1" failures="0" tests="3" name="Test" time="28.265" errors="0" timestamp="2023-07-14T14:20:18 IST">
  <testcase classname="parallel.dataproviders.DataProviderParallelTests" name="invalidLoginTest" time="9.669"/>
  <testcase classname="parallel.dataproviders.DataProviderParallelTests" name="invalidLoginTest" time="9.891"/>
  <testcase classname="parallel.dataproviders.DataProviderParallelTests" name="invalidLoginTest" time="8.92"/>
</testsuite> <!-- Test -->
