<?xml version="1.0" encoding="UTF-8"?>
<!-- Generated by org.testng.reporters.JUnitXMLReporter -->
<testsuite ignored="1" hostname="DESKTOP-96NUCQ1" failures="0" tests="5" name="Test Demo" time="0.096" errors="0" timestamp="2023-07-12T19:17:03 IST">
  <testcase classname="depends.on.TestNGGroupDemo" name="testE2EAndAcceptanceAndIntegrationMessage" time="0.011"/>
  <testcase classname="depends.on.TestNGGroupDemo" name="testE2EAndAcceptanceMessage" time="0.004"/>
  <testcase classname="depends.on.TestNGGroupDemo" name="testE2EMessage" time="0.004"/>
  <testcase classname="depends.on.TestNGGroupDemo" name="testPrintMessage" time="0.004"/>
  <testcase classname="depends.on.TestNGGroupDemo" name="testingAcceptanceMessage" time="0.002"/>
  <testcase classname="depends.on.TestNGGroupDemo" name="testingIntegrationMessage" time="0.0">
    <ignored/>
  </testcase> <!-- testingIntegrationMessage -->
</testsuite> <!-- Test Demo -->
