<?xml version="1.0" encoding="UTF-8"?>
<testsuite xmlns:xsi="http://www.w3.org/2001/XMLSchema-instance" xsi:noNamespaceSchemaLocation="https://maven.apache.org/surefire/maven-surefire-plugin/xsd/surefire-test-report.xsd" name="testng.features.TestNGRunFromCommandLine" time="4.849" tests="4" errors="0" skipped="3" failures="1">
  <properties>
[...]
</properties>
  <testcase name="setUp" classname="testng.features.TestNGRunFromCommandLine" time="4.039">
    <failure message="The driver executable does not exist: E:\Newfolder\chromedriver_win32\chromedriver.exe" type="java.lang.IllegalStateException">java.lang.IllegalStateException: The driver executable does not exist: E:\Newfolder\chromedriver_win32\chromedriver.exe
	at testng.features.TestNGRunFromCommandLine.setUp(TestNGRunFromCommandLine.java:19)
</failure>
    <system-err><![CDATA[SLF4J: Failed to load class "org.slf4j.impl.StaticLoggerBinder".
SLF4J: Defaulting to no-operation (NOP) logger implementation
SLF4J: See http://www.slf4j.org/codes.html#StaticLoggerBinder for further details.
]]></system-err>
  </testcase>
  <testcase name="verifyLoginPage" classname="testng.features.TestNGRunFromCommandLine" time="0">
    <skipped message="The driver executable does not exist: E:\Newfolder\chromedriver_win32\chromedriver.exe"/>
  </testcase>
  <testcase name="verifyHomePage" classname="testng.features.TestNGRunFromCommandLine" time="0">
    <skipped message="The driver executable does not exist: E:\Newfolder\chromedriver_win32\chromedriver.exe"/>
  </testcase>
  <testcase name="teardown" classname="testng.features.TestNGRunFromCommandLine" time="0">
    <skipped/>
  </testcase>
</testsuite>