<?xml version="1.0" encoding="UTF-8"?>
<testsuite xmlns:xsi="http://www.w3.org/2001/XMLSchema-instance" xsi:noNamespaceSchemaLocation="https://maven.apache.org/surefire/maven-surefire-plugin/xsd/surefire-test-report.xsd" name="TestSuite" time="18.789" tests="2" errors="0" skipped="0" failures="0">
  <properties>
[...]
</properties>
  <testcase name="verifyLoginPage" classname="testng.features.TestNGRunFromCommandLine" time="0.048"/>
  <testcase name="verifyHomePage" classname="testng.features.TestNGRunFromCommandLine" time="1.451"/>
</testsuite>