<?xml version="1.0" encoding="UTF-8"?>
<testng-results ignored="0" total="3" passed="3" failed="0" skipped="0">
  <reporter-output>
  </reporter-output>
  <suite started-at="2023-07-14T14:19:50 IST" name="Suite" finished-at="2023-07-14T14:20:18 IST" duration-ms="28265">
    <groups>
    </groups>
    <test started-at="2023-07-14T14:19:50 IST" name="Test" finished-at="2023-07-14T14:20:18 IST" duration-ms="28265">
      <class name="parallel.dataproviders.DataProviderParallelTests">
        <test-method is-config="true" signature="setUp()[pri:0, instance:parallel.dataproviders.DataProviderParallelTests@3daa422a]" started-at="2023-07-14T14:19:50 IST" name="setUp" finished-at="2023-07-14T14:19:53 IST" duration-ms="3206" status="PASS">
          <reporter-output>
          </reporter-output>
        </test-method> <!-- setUp -->
        <test-method is-config="true" signature="setUp()[pri:0, instance:parallel.dataproviders.DataProviderParallelTests@3daa422a]" started-at="2023-07-14T14:19:50 IST" name="setUp" finished-at="2023-07-14T14:19:53 IST" duration-ms="3327" status="PASS">
          <reporter-output>
          </reporter-output>
        </test-method> <!-- setUp -->
        <test-method signature="invalidLoginTest(java.lang.String,java.lang.String,java.lang.String)[pri:0, instance:parallel.dataproviders.DataProviderParallelTests@3daa422a]" started-at="2023-07-14T14:19:53 IST" name="invalidLoginTest" data-provider="testData" finished-at="2023-07-14T14:20:03 IST" duration-ms="9669" status="PASS">
          <params>
            <param index="0">
              <value>
                <![CDATA[]]>
              </value>
            </param>
            <param index="1">
              <value>
                <![CDATA[]]>
              </value>
            </param>
            <param index="2">
              <value>
                <![CDATA[Epic sadface: Username is required]]>
              </value>
            </param>
          </params>
          <reporter-output>
          </reporter-output>
        </test-method> <!-- invalidLoginTest -->
        <test-method signature="invalidLoginTest(java.lang.String,java.lang.String,java.lang.String)[pri:0, instance:parallel.dataproviders.DataProviderParallelTests@3daa422a]" started-at="2023-07-14T14:19:53 IST" name="invalidLoginTest" data-provider="testData" finished-at="2023-07-14T14:20:03 IST" duration-ms="9891" status="PASS">
          <params>
            <param index="0">
              <value>
                <![CDATA[]]>
              </value>
            </param>
            <param index="1">
              <value>
                <![CDATA[Test]]>
              </value>
            </param>
            <param index="2">
              <value>
                <![CDATA[Epic sadface: Username is required]]>
              </value>
            </param>
          </params>
          <reporter-output>
          </reporter-output>
        </test-method> <!-- invalidLoginTest -->
        <test-method is-config="true" signature="tear_down()[pri:0, instance:parallel.dataproviders.DataProviderParallelTests@3daa422a]" started-at="2023-07-14T14:20:03 IST" name="tear_down" finished-at="2023-07-14T14:20:07 IST" duration-ms="3703" status="PASS">
          <reporter-output>
          </reporter-output>
        </test-method> <!-- tear_down -->
        <test-method is-config="true" signature="tear_down()[pri:0, instance:parallel.dataproviders.DataProviderParallelTests@3daa422a]" started-at="2023-07-14T14:20:03 IST" name="tear_down" finished-at="2023-07-14T14:20:07 IST" duration-ms="3370" status="PASS">
          <reporter-output>
          </reporter-output>
        </test-method> <!-- tear_down -->
        <test-method is-config="true" signature="setUp()[pri:0, instance:parallel.dataproviders.DataProviderParallelTests@3daa422a]" started-at="2023-07-14T14:20:07 IST" name="setUp" finished-at="2023-07-14T14:20:08 IST" duration-ms="1464" status="PASS">
          <reporter-output>
          </reporter-output>
        </test-method> <!-- setUp -->
        <test-method signature="invalidLoginTest(java.lang.String,java.lang.String,java.lang.String)[pri:0, instance:parallel.dataproviders.DataProviderParallelTests@3daa422a]" started-at="2023-07-14T14:20:08 IST" name="invalidLoginTest" data-provider="testData" finished-at="2023-07-14T14:20:17 IST" duration-ms="8920" status="PASS">
          <params>
            <param index="0">
              <value>
                <![CDATA[$%1234]]>
              </value>
            </param>
            <param index="1">
              <value>
                <![CDATA[2345%$]]>
              </value>
            </param>
            <param index="2">
              <value>
                <![CDATA[Epic sadface: Username and password do not match any user in this service]]>
              </value>
            </param>
          </params>
          <reporter-output>
          </reporter-output>
        </test-method> <!-- invalidLoginTest -->
        <test-method is-config="true" signature="tear_down()[pri:0, instance:parallel.dataproviders.DataProviderParallelTests@3daa422a]" started-at="2023-07-14T14:20:17 IST" name="tear_down" finished-at="2023-07-14T14:20:18 IST" duration-ms="1223" status="PASS">
          <reporter-output>
          </reporter-output>
        </test-method> <!-- tear_down -->
      </class> <!-- parallel.dataproviders.DataProviderParallelTests -->
    </test> <!-- Test -->
  </suite> <!-- Suite -->
</testng-results>
