<?xml version="1.0" encoding="UTF-8"?>
<!-- Generated by org.testng.reporters.JUnitXMLReporter -->
<testsuite ignored="0" hostname="DESKTOP-96NUCQ1" failures="1" tests="2" name="Test" time="24.133" errors="0" timestamp="2023-07-14T08:55:16 IST">
  <testcase classname="itest.listener.ListenerTestCases" name="TestFail" time="10.712">
    <failure type="java.lang.AssertionError" message="expected [Product] but found [Products]">
      <![CDATA[java.lang.AssertionError: expected [Product] but found [Products]
at itest.listener.ListenerTestCases.TestFail(ListenerTestCases.java:41)
at java.base/java.util.ArrayList.forEach(ArrayList.java:1511)
... Removed 33 stack frames]]>
    </failure>
  </testcase> <!-- TestFail -->
  <testcase classname="itest.listener.ListenerTestCases" name="TestPass" time="13.352"/>
</testsuite> <!-- Test -->
